#! /usr/bin/vvp
:ivl_version "10.1 (stable)";
:ivl_delay_selection "TYPICAL";
:vpi_time_precision - 9;
:vpi_module "system";
:vpi_module "vhdl_sys";
:vpi_module "v2005_math";
:vpi_module "va_math";
S_0x5650a8e88ab0 .scope module, "test" "test" 2 3;
 .timescale -9 -9;
v0x5650a8ea9130_0 .var "c", 0 0;
v0x5650a8ea9200_0 .var "d", 3 0;
v0x5650a8ea92d0_0 .net "q", 3 0, v0x5650a8ea8ff0_0;  1 drivers
S_0x5650a8e88c30 .scope module, "UUT" "latch" 2 7, 3 1 0, S_0x5650a8e88ab0;
 .timescale 0 0;
    .port_info 0 /INPUT 1 "c"
    .port_info 1 /INPUT 4 "d"
    .port_info 2 /OUTPUT 4 "q"
v0x5650a8e88e70_0 .net "c", 0 0, v0x5650a8ea9130_0;  1 drivers
v0x5650a8ea8f10_0 .net "d", 3 0, v0x5650a8ea9200_0;  1 drivers
v0x5650a8ea8ff0_0 .var "q", 3 0;
E_0x5650a8e83960 .event edge, v0x5650a8ea8f10_0, v0x5650a8e88e70_0;
    .scope S_0x5650a8e88c30;
T_0 ;
    %wait E_0x5650a8e83960;
    %load/vec4 v0x5650a8ea8f10_0;
    %assign/vec4 v0x5650a8ea8ff0_0, 0;
    %jmp T_0;
    .thread T_0, $push;
    .scope S_0x5650a8e88ab0;
T_1 ;
    %vpi_call 2 10 "$dumpfile", "waveforms.vcd" {0 0 0};
    %vpi_call 2 11 "$dumpvars", 32'sb00000000000000000000000000000000, S_0x5650a8e88ab0 {0 0 0};
    %end;
    .thread T_1;
    .scope S_0x5650a8e88ab0;
T_2 ;
    %pushi/vec4 15, 0, 4;
    %store/vec4 v0x5650a8ea9200_0, 0, 4;
    %pushi/vec4 0, 0, 1;
    %store/vec4 v0x5650a8ea9130_0, 0, 1;
    %delay 100, 0;
    %pushi/vec4 1, 0, 1;
    %store/vec4 v0x5650a8ea9130_0, 0, 1;
    %delay 100, 0;
    %pushi/vec4 12, 0, 4;
    %store/vec4 v0x5650a8ea9200_0, 0, 4;
    %delay 100, 0;
    %pushi/vec4 0, 0, 1;
    %store/vec4 v0x5650a8ea9130_0, 0, 1;
    %delay 100, 0;
    %pushi/vec4 1, 0, 1;
    %store/vec4 v0x5650a8ea9130_0, 0, 1;
    %delay 100, 0;
    %pushi/vec4 0, 0, 1;
    %store/vec4 v0x5650a8ea9130_0, 0, 1;
    %delay 100, 0;
    %pushi/vec4 1, 0, 1;
    %store/vec4 v0x5650a8ea9130_0, 0, 1;
    %end;
    .thread T_2;
    .scope S_0x5650a8e88ab0;
T_3 ;
    %vpi_call 2 36 "$display", "d q c" {0 0 0};
    %vpi_call 2 37 "$monitor", "%b %b %b", v0x5650a8ea9200_0, v0x5650a8ea92d0_0, v0x5650a8ea9130_0 {0 0 0};
    %end;
    .thread T_3;
# The file index is used to find the file name in the following table.
:file_names 4;
    "N/A";
    "<interactive>";
    "test.sv";
    "latch.sv";
