#! /usr/bin/vvp
:ivl_version "10.1 (stable)";
:ivl_delay_selection "TYPICAL";
:vpi_time_precision + 0;
:vpi_module "system";
:vpi_module "vhdl_sys";
:vpi_module "v2005_math";
:vpi_module "va_math";
S_0x55d235d6eeb0 .scope module, "inv" "inv" 2 1;
 .timescale 0 0;
    .port_info 0 /INPUT 4 "a"
    .port_info 1 /OUTPUT 4 "y"
o0x7f4492c3b018 .functor BUFZ 4, C4<zzzz>; HiZ drive
L_0x55d235d8f1f0 .functor NOT 4, o0x7f4492c3b018, C4<0000>, C4<0000>, C4<0000>;
v0x55d235d6f030_0 .net "a", 3 0, o0x7f4492c3b018;  0 drivers
v0x55d235d8f0b0_0 .net "y", 3 0, L_0x55d235d8f1f0;  1 drivers
# The file index is used to find the file name in the following table.
:file_names 3;
    "N/A";
    "<interactive>";
    "example_4_2.sv";
