#! /usr/bin/vvp
:ivl_version "10.1 (stable)";
:ivl_delay_selection "TYPICAL";
:vpi_time_precision - 9;
:vpi_module "system";
:vpi_module "vhdl_sys";
:vpi_module "v2005_math";
:vpi_module "va_math";
S_0x5603e8408bc0 .scope module, "test" "test" 2 3;
 .timescale -9 -9;
v0x5603e8429130_0 .var "d", 3 0;
v0x5603e84291f0_0 .net "q", 3 0, v0x5603e8428ff0_0;  1 drivers
S_0x5603e8408d40 .scope module, "UUT" "prior" 2 6, 3 1 0, S_0x5603e8408bc0;
 .timescale 0 0;
    .port_info 0 /INPUT 4 "d"
    .port_info 1 /OUTPUT 4 "q"
v0x5603e8408f30_0 .net "d", 3 0, v0x5603e8429130_0;  1 drivers
v0x5603e8428ff0_0 .var "q", 3 0;
E_0x5603e83cda80 .event edge, v0x5603e8408f30_0;
    .scope S_0x5603e8408d40;
T_0 ;
    %wait E_0x5603e83cda80;
    %load/vec4 v0x5603e8408f30_0;
    %parti/s 1, 0, 2;
    %pad/u 32;
    %cmpi/e 1, 0, 32;
    %jmp/0xz  T_0.0, 4;
    %pushi/vec4 1, 0, 4;
    %assign/vec4 v0x5603e8428ff0_0, 0;
    %jmp T_0.1;
T_0.0 ;
    %load/vec4 v0x5603e8408f30_0;
    %parti/s 1, 1, 2;
    %pad/u 32;
    %cmpi/e 1, 0, 32;
    %jmp/0xz  T_0.2, 4;
    %pushi/vec4 2, 0, 4;
    %assign/vec4 v0x5603e8428ff0_0, 0;
    %jmp T_0.3;
T_0.2 ;
    %pushi/vec4 8, 0, 4;
    %assign/vec4 v0x5603e8428ff0_0, 0;
T_0.3 ;
T_0.1 ;
    %jmp T_0;
    .thread T_0, $push;
    .scope S_0x5603e8408bc0;
T_1 ;
    %vpi_call 2 9 "$dumpfile", "waveforms.vcd" {0 0 0};
    %vpi_call 2 10 "$dumpvars", 32'sb00000000000000000000000000000000, S_0x5603e8408bc0 {0 0 0};
    %end;
    .thread T_1;
    .scope S_0x5603e8408bc0;
T_2 ;
    %pushi/vec4 15, 0, 4;
    %store/vec4 v0x5603e8429130_0, 0, 4;
    %delay 100, 0;
    %pushi/vec4 0, 0, 4;
    %store/vec4 v0x5603e8429130_0, 0, 4;
    %delay 100, 0;
    %pushi/vec4 12, 0, 4;
    %store/vec4 v0x5603e8429130_0, 0, 4;
    %delay 100, 0;
    %pushi/vec4 3, 0, 4;
    %store/vec4 v0x5603e8429130_0, 0, 4;
    %delay 100, 0;
    %pushi/vec4 10, 0, 4;
    %store/vec4 v0x5603e8429130_0, 0, 4;
    %delay 100, 0;
    %pushi/vec4 15, 0, 4;
    %store/vec4 v0x5603e8429130_0, 0, 4;
    %delay 100, 0;
    %end;
    .thread T_2;
    .scope S_0x5603e8408bc0;
T_3 ;
    %vpi_call 2 35 "$display", "d q" {0 0 0};
    %vpi_call 2 36 "$monitor", "%b %b", v0x5603e8429130_0, v0x5603e84291f0_0 {0 0 0};
    %end;
    .thread T_3;
# The file index is used to find the file name in the following table.
:file_names 4;
    "N/A";
    "<interactive>";
    "test.sv";
    "prior.sv";
