#! /usr/bin/vvp
:ivl_version "10.1 (stable)";
:ivl_delay_selection "TYPICAL";
:vpi_time_precision - 9;
:vpi_module "system";
:vpi_module "vhdl_sys";
:vpi_module "v2005_math";
:vpi_module "va_math";
S_0x55d0dcceb710 .scope module, "test" "test" 2 3;
 .timescale -9 -9;
v0x55d0dcd0bd80_0 .var "a", 0 0;
v0x55d0dcd0be40_0 .var "b", 0 0;
v0x55d0dcd0bee0_0 .net "c", 0 0, L_0x55d0dcd0c570;  1 drivers
v0x55d0dcd0bfb0_0 .var "cin", 0 0;
v0x55d0dcd0c080_0 .net "s", 0 0, L_0x55d0dcd0c320;  1 drivers
S_0x55d0dcceb890 .scope module, "UUT" "fulladder" 2 9, 3 1 0, S_0x55d0dcceb710;
 .timescale 0 0;
    .port_info 0 /INPUT 1 "a"
    .port_info 1 /INPUT 1 "b"
    .port_info 2 /INPUT 1 "cin"
    .port_info 3 /OUTPUT 1 "c"
    .port_info 4 /OUTPUT 1 "s"
L_0x55d0dcd0c170 .functor XOR 1, v0x55d0dcd0bd80_0, v0x55d0dcd0be40_0, C4<0>, C4<0>;
L_0x55d0dcd0c2b0 .functor AND 1, v0x55d0dcd0bd80_0, v0x55d0dcd0be40_0, C4<1>, C4<1>;
L_0x55d0dcd0c320 .functor XOR 1, L_0x55d0dcd0c170, L_0x55d0dcd0c570, C4<0>, C4<0>;
L_0x55d0dcd0c480 .functor AND 1, L_0x55d0dcd0c170, v0x55d0dcd0bfb0_0, C4<1>, C4<1>;
L_0x55d0dcd0c570 .functor OR 1, L_0x55d0dcd0c2b0, L_0x55d0dcd0c480, C4<0>, C4<0>;
v0x55d0dcceba90_0 .net *"_s6", 0 0, L_0x55d0dcd0c480;  1 drivers
v0x55d0dcd0b770_0 .net "a", 0 0, v0x55d0dcd0bd80_0;  1 drivers
v0x55d0dcd0b830_0 .net "b", 0 0, v0x55d0dcd0be40_0;  1 drivers
v0x55d0dcd0b8d0_0 .net "c", 0 0, L_0x55d0dcd0c570;  alias, 1 drivers
v0x55d0dcd0b990_0 .net "cin", 0 0, v0x55d0dcd0bfb0_0;  1 drivers
v0x55d0dcd0baa0_0 .net "g", 0 0, L_0x55d0dcd0c2b0;  1 drivers
v0x55d0dcd0bb60_0 .net "p", 0 0, L_0x55d0dcd0c170;  1 drivers
v0x55d0dcd0bc20_0 .net "s", 0 0, L_0x55d0dcd0c320;  alias, 1 drivers
    .scope S_0x55d0dcceb710;
T_0 ;
    %vpi_call 2 12 "$dumpfile", "waveforms.vcd" {0 0 0};
    %vpi_call 2 13 "$dumpvars", 32'sb00000000000000000000000000000000, S_0x55d0dcceb710 {0 0 0};
    %end;
    .thread T_0;
    .scope S_0x55d0dcceb710;
T_1 ;
    %pushi/vec4 1, 0, 1;
    %store/vec4 v0x55d0dcd0bd80_0, 0, 1;
    %pushi/vec4 0, 0, 1;
    %store/vec4 v0x55d0dcd0be40_0, 0, 1;
    %pushi/vec4 0, 0, 1;
    %store/vec4 v0x55d0dcd0bfb0_0, 0, 1;
    %delay 100, 0;
    %pushi/vec4 1, 0, 1;
    %store/vec4 v0x55d0dcd0bd80_0, 0, 1;
    %pushi/vec4 0, 0, 1;
    %store/vec4 v0x55d0dcd0be40_0, 0, 1;
    %pushi/vec4 1, 0, 1;
    %store/vec4 v0x55d0dcd0bfb0_0, 0, 1;
    %delay 100, 0;
    %pushi/vec4 1, 0, 1;
    %store/vec4 v0x55d0dcd0bd80_0, 0, 1;
    %pushi/vec4 1, 0, 1;
    %store/vec4 v0x55d0dcd0be40_0, 0, 1;
    %pushi/vec4 1, 0, 1;
    %store/vec4 v0x55d0dcd0bfb0_0, 0, 1;
    %end;
    .thread T_1;
    .scope S_0x55d0dcceb710;
T_2 ;
    %vpi_call 2 33 "$display", "a b cin c s" {0 0 0};
    %vpi_call 2 34 "$monitor", "%b %b %b %b %b", v0x55d0dcd0bd80_0, v0x55d0dcd0be40_0, v0x55d0dcd0bfb0_0, v0x55d0dcd0bee0_0, v0x55d0dcd0c080_0 {0 0 0};
    %end;
    .thread T_2;
# The file index is used to find the file name in the following table.
:file_names 4;
    "N/A";
    "<interactive>";
    "test.sv";
    "fulladder.sv";
