#! /usr/bin/vvp
:ivl_version "10.1 (stable)";
:ivl_delay_selection "TYPICAL";
:vpi_time_precision - 9;
:vpi_module "system";
:vpi_module "vhdl_sys";
:vpi_module "v2005_math";
:vpi_module "va_math";
S_0x56277547f150 .scope module, "test" "test" 2 3;
 .timescale -9 -9;
v0x56277549f990_0 .var "a", 3 0;
v0x56277549fa70_0 .var "b", 3 0;
v0x56277549fb40_0 .var "c", 3 0;
v0x56277549fc40_0 .var "d", 3 0;
v0x56277549fd10_0 .var "s", 1 0;
v0x56277549fe00_0 .net "y", 3 0, v0x56277549f7f0_0;  1 drivers
S_0x56277547f2d0 .scope module, "UUT" "mux4" 2 11, 3 1 0, S_0x56277547f150;
 .timescale 0 0;
    .port_info 0 /INPUT 4 "a"
    .port_info 1 /INPUT 4 "b"
    .port_info 2 /INPUT 4 "c"
    .port_info 3 /INPUT 4 "d"
    .port_info 4 /INPUT 2 "s"
    .port_info 5 /OUTPUT 4 "y"
v0x56277547f540_0 .net "a", 3 0, v0x56277549f990_0;  1 drivers
v0x56277549f440_0 .net "b", 3 0, v0x56277549fa70_0;  1 drivers
v0x56277549f520_0 .net "c", 3 0, v0x56277549fb40_0;  1 drivers
v0x56277549f5e0_0 .net "d", 3 0, v0x56277549fc40_0;  1 drivers
v0x56277549f6c0_0 .net "s", 1 0, v0x56277549fd10_0;  1 drivers
v0x56277549f7f0_0 .var "y", 3 0;
E_0x5627754762a0 .event edge, v0x56277549f6c0_0;
    .scope S_0x56277547f2d0;
T_0 ;
    %wait E_0x5627754762a0;
    %load/vec4 v0x56277549f6c0_0;
    %dup/vec4;
    %pushi/vec4 0, 0, 2;
    %cmp/u;
    %jmp/1 T_0.0, 6;
    %dup/vec4;
    %pushi/vec4 1, 0, 2;
    %cmp/u;
    %jmp/1 T_0.1, 6;
    %dup/vec4;
    %pushi/vec4 2, 0, 2;
    %cmp/u;
    %jmp/1 T_0.2, 6;
    %dup/vec4;
    %pushi/vec4 3, 0, 2;
    %cmp/u;
    %jmp/1 T_0.3, 6;
    %jmp T_0.4;
T_0.0 ;
    %load/vec4 v0x56277547f540_0;
    %store/vec4 v0x56277549f7f0_0, 0, 4;
    %jmp T_0.4;
T_0.1 ;
    %load/vec4 v0x56277549f440_0;
    %store/vec4 v0x56277549f7f0_0, 0, 4;
    %jmp T_0.4;
T_0.2 ;
    %load/vec4 v0x56277549f520_0;
    %store/vec4 v0x56277549f7f0_0, 0, 4;
    %jmp T_0.4;
T_0.3 ;
    %load/vec4 v0x56277549f5e0_0;
    %store/vec4 v0x56277549f7f0_0, 0, 4;
    %jmp T_0.4;
T_0.4 ;
    %pop/vec4 1;
    %jmp T_0;
    .thread T_0, $push;
    .scope S_0x56277547f150;
T_1 ;
    %vpi_call 2 14 "$dumpfile", "waveforms.vcd" {0 0 0};
    %vpi_call 2 15 "$dumpvars", 32'sb00000000000000000000000000000000, S_0x56277547f150 {0 0 0};
    %end;
    .thread T_1;
    .scope S_0x56277547f150;
T_2 ;
    %pushi/vec4 0, 0, 4;
    %store/vec4 v0x56277549f990_0, 0, 4;
    %pushi/vec4 1, 0, 4;
    %store/vec4 v0x56277549fa70_0, 0, 4;
    %pushi/vec4 2, 0, 4;
    %store/vec4 v0x56277549fb40_0, 0, 4;
    %pushi/vec4 3, 0, 4;
    %store/vec4 v0x56277549fc40_0, 0, 4;
    %pushi/vec4 0, 0, 2;
    %store/vec4 v0x56277549fd10_0, 0, 2;
    %delay 100, 0;
    %pushi/vec4 1, 0, 2;
    %store/vec4 v0x56277549fd10_0, 0, 2;
    %delay 100, 0;
    %pushi/vec4 2, 0, 2;
    %store/vec4 v0x56277549fd10_0, 0, 2;
    %delay 100, 0;
    %pushi/vec4 3, 0, 2;
    %store/vec4 v0x56277549fd10_0, 0, 2;
    %delay 100, 0;
    %end;
    .thread T_2;
    .scope S_0x56277547f150;
T_3 ;
    %vpi_call 2 34 "$monitor", "%b %b %b %b %b %b", v0x56277549f990_0, v0x56277549fa70_0, v0x56277549fb40_0, v0x56277549fc40_0, v0x56277549fd10_0, v0x56277549fe00_0 {0 0 0};
    %end;
    .thread T_3;
# The file index is used to find the file name in the following table.
:file_names 4;
    "N/A";
    "<interactive>";
    "test.sv";
    "mux4.sv";
