#! /usr/bin/vvp
:ivl_version "10.1 (stable)";
:ivl_delay_selection "TYPICAL";
:vpi_time_precision - 9;
:vpi_module "system";
:vpi_module "vhdl_sys";
:vpi_module "v2005_math";
:vpi_module "va_math";
S_0x55cb4c6f69f0 .scope module, "test" "test" 2 3;
 .timescale -9 -9;
v0x55cb4c7174e0_0 .var "a1", 3 0;
v0x55cb4c7175f0_0 .var "a2", 3 0;
v0x55cb4c717700_0 .net "q", 3 0, L_0x55cb4c7177f0;  1 drivers
S_0x55cb4c6f6b70 .scope module, "UUT" "top" 2 6, 3 1 0, S_0x55cb4c6f69f0;
 .timescale 0 0;
    .port_info 0 /INPUT 4 "a1"
    .port_info 1 /INPUT 4 "a2"
    .port_info 2 /OUTPUT 4 "q"
v0x55cb4c7171e0_0 .net "a1", 3 0, v0x55cb4c7174e0_0;  1 drivers
v0x55cb4c7172d0_0 .net "a2", 3 0, v0x55cb4c7175f0_0;  1 drivers
v0x55cb4c7173a0_0 .net "q", 3 0, L_0x55cb4c7177f0;  alias, 1 drivers
S_0x55cb4c6f6d90 .scope module, "under" "mux_par" 3 2, 4 1 0, S_0x55cb4c6f6b70;
 .timescale 0 0;
    .port_info 0 /INPUT 4 "d1"
    .port_info 1 /INPUT 4 "d2"
    .port_info 2 /OUTPUT 4 "q"
P_0x55cb4c6f6f60 .param/l "width" 0 4 1, +C4<00000000000000000000000000000100>;
v0x55cb4c6f7050_0 .net "d1", 3 0, v0x55cb4c7174e0_0;  alias, 1 drivers
v0x55cb4c716f90_0 .net "d2", 3 0, v0x55cb4c7175f0_0;  alias, 1 drivers
v0x55cb4c717070_0 .net "q", 3 0, L_0x55cb4c7177f0;  alias, 1 drivers
L_0x55cb4c7177f0 .arith/sum 4, v0x55cb4c7174e0_0, v0x55cb4c7175f0_0;
    .scope S_0x55cb4c6f69f0;
T_0 ;
    %vpi_call 2 9 "$dumpfile", "waveforms.vcd" {0 0 0};
    %vpi_call 2 10 "$dumpvars", 32'sb00000000000000000000000000000000, S_0x55cb4c6f69f0 {0 0 0};
    %end;
    .thread T_0;
    .scope S_0x55cb4c6f69f0;
T_1 ;
    %pushi/vec4 0, 0, 4;
    %store/vec4 v0x55cb4c7174e0_0, 0, 4;
    %pushi/vec4 0, 0, 4;
    %store/vec4 v0x55cb4c7175f0_0, 0, 4;
    %delay 100, 0;
    %pushi/vec4 1, 0, 4;
    %store/vec4 v0x55cb4c7174e0_0, 0, 4;
    %pushi/vec4 2, 0, 4;
    %store/vec4 v0x55cb4c7175f0_0, 0, 4;
    %delay 100, 0;
    %pushi/vec4 1, 0, 4;
    %store/vec4 v0x55cb4c7174e0_0, 0, 4;
    %pushi/vec4 1, 0, 4;
    %store/vec4 v0x55cb4c7175f0_0, 0, 4;
    %end;
    .thread T_1;
    .scope S_0x55cb4c6f69f0;
T_2 ;
    %vpi_call 2 27 "$display", "a1  a2  q" {0 0 0};
    %vpi_call 2 28 "$monitor", "%b  %b  %b", v0x55cb4c7174e0_0, v0x55cb4c7175f0_0, v0x55cb4c717700_0 {0 0 0};
    %end;
    .thread T_2;
# The file index is used to find the file name in the following table.
:file_names 5;
    "N/A";
    "<interactive>";
    "test.sv";
    "top.sv";
    "mux_par.sv";
