#! /usr/bin/vvp
:ivl_version "10.1 (stable)";
:ivl_delay_selection "TYPICAL";
:vpi_time_precision - 9;
:vpi_module "system";
:vpi_module "vhdl_sys";
:vpi_module "v2005_math";
:vpi_module "va_math";
S_0x5617ce1ba120 .scope module, "test" "test" 2 3;
 .timescale -9 -9;
v0x5617ce1dab90_0 .var "a", 3 0;
v0x5617ce1dac50_0 .var "b", 3 0;
v0x5617ce1dad20_0 .net "y", 3 0, L_0x5617ce1db100;  1 drivers
S_0x5617ce1ba2a0 .scope module, "UUT" "xor_m" 2 7, 3 1 0, S_0x5617ce1ba120;
 .timescale 0 0;
    .port_info 0 /INPUT 4 "a"
    .port_info 1 /INPUT 4 "b"
    .port_info 2 /OUTPUT 4 "y"
v0x5617ce1ba4c0_0 .net *"_s0", 3 0, L_0x5617ce1dae20;  1 drivers
L_0x7fd74e4d1018 .functor BUFT 1, C4<0000>, C4<0>, C4<0>, C4<0>;
v0x5617ce1da4e0_0 .net/2u *"_s2", 3 0, L_0x7fd74e4d1018;  1 drivers
v0x5617ce1da5c0_0 .net *"_s4", 0 0, L_0x5617ce1daf90;  1 drivers
L_0x7fd74e4d1060 .functor BUFT 1, C4<0001>, C4<0>, C4<0>, C4<0>;
v0x5617ce1da660_0 .net/2s *"_s6", 3 0, L_0x7fd74e4d1060;  1 drivers
L_0x7fd74e4d10a8 .functor BUFT 1, C4<0000>, C4<0>, C4<0>, C4<0>;
v0x5617ce1da740_0 .net/2s *"_s8", 3 0, L_0x7fd74e4d10a8;  1 drivers
v0x5617ce1da870_0 .net "a", 3 0, v0x5617ce1dab90_0;  1 drivers
v0x5617ce1da950_0 .net "b", 3 0, v0x5617ce1dac50_0;  1 drivers
v0x5617ce1daa30_0 .net "y", 3 0, L_0x5617ce1db100;  alias, 1 drivers
L_0x5617ce1dae20 .arith/sub 4, v0x5617ce1dab90_0, v0x5617ce1dac50_0;
L_0x5617ce1daf90 .cmp/ne 4, L_0x5617ce1dae20, L_0x7fd74e4d1018;
L_0x5617ce1db100 .functor MUXZ 4, L_0x7fd74e4d10a8, L_0x7fd74e4d1060, L_0x5617ce1daf90, C4<>;
    .scope S_0x5617ce1ba120;
T_0 ;
    %vpi_call 2 10 "$dumpfile", "waveforms.vcd" {0 0 0};
    %vpi_call 2 11 "$dumpvars", 32'sb00000000000000000000000000000000, S_0x5617ce1ba120 {0 0 0};
    %end;
    .thread T_0;
    .scope S_0x5617ce1ba120;
T_1 ;
    %pushi/vec4 0, 0, 4;
    %store/vec4 v0x5617ce1dab90_0, 0, 4;
    %pushi/vec4 0, 0, 4;
    %store/vec4 v0x5617ce1dac50_0, 0, 4;
    %delay 100, 0;
    %load/vec4 v0x5617ce1dad20_0;
    %pad/u 32;
    %cmpi/ne 0, 0, 32;
    %jmp/0xz  T_1.0, 4;
    %vpi_call 2 20 "$display", "%c[1;31m", 32'sb00000000000000000000000000011011 {0 0 0};
    %vpi_call 2 20 "$display", "1 error" {0 0 0};
    %vpi_call 2 20 "$display", "%c[0m", 32'sb00000000000000000000000000011011 {0 0 0};
T_1.0 ;
    %pushi/vec4 8, 0, 4;
    %store/vec4 v0x5617ce1dab90_0, 0, 4;
    %pushi/vec4 0, 0, 4;
    %store/vec4 v0x5617ce1dac50_0, 0, 4;
    %delay 100, 0;
    %load/vec4 v0x5617ce1dad20_0;
    %pad/u 32;
    %cmpi/ne 1, 0, 32;
    %jmp/0xz  T_1.2, 4;
    %vpi_call 2 27 "$display", "%c[1;31m", 32'sb00000000000000000000000000011011 {0 0 0};
    %vpi_call 2 27 "$display", "1 error" {0 0 0};
    %vpi_call 2 27 "$display", "%c[0m", 32'sb00000000000000000000000000011011 {0 0 0};
T_1.2 ;
    %pushi/vec4 3, 0, 4;
    %store/vec4 v0x5617ce1dab90_0, 0, 4;
    %pushi/vec4 3, 0, 4;
    %store/vec4 v0x5617ce1dac50_0, 0, 4;
    %delay 100, 0;
    %load/vec4 v0x5617ce1dad20_0;
    %pad/u 32;
    %cmpi/ne 0, 0, 32;
    %jmp/0xz  T_1.4, 4;
    %vpi_call 2 34 "$display", "%c[1;31m", 32'sb00000000000000000000000000011011 {0 0 0};
    %vpi_call 2 34 "$display", "1 error" {0 0 0};
    %vpi_call 2 34 "$display", "%c[0m", 32'sb00000000000000000000000000011011 {0 0 0};
T_1.4 ;
    %delay 100, 0;
    %end;
    .thread T_1;
    .scope S_0x5617ce1ba120;
T_2 ;
    %vpi_call 2 42 "$display", "a  b  y" {0 0 0};
    %vpi_call 2 43 "$monitor", "%b %b %b", v0x5617ce1dab90_0, v0x5617ce1dac50_0, v0x5617ce1dad20_0 {0 0 0};
    %end;
    .thread T_2;
# The file index is used to find the file name in the following table.
:file_names 4;
    "N/A";
    "<interactive>";
    "test.sv";
    "xor.sv";
