#! /usr/bin/vvp
:ivl_version "10.1 (stable)";
:ivl_delay_selection "TYPICAL";
:vpi_time_precision - 9;
:vpi_module "system";
:vpi_module "vhdl_sys";
:vpi_module "v2005_math";
:vpi_module "va_math";
S_0x555ca8c2b8f0 .scope module, "test" "test" 2 3;
 .timescale -9 -9;
v0x555ca8c4bfb0_0 .var "a", 2 0;
v0x555ca8c4c0a0_0 .var "b", 1 0;
v0x555ca8c4c170_0 .net "y", 6 0, L_0x555ca8c4c2a0;  1 drivers
S_0x555ca8c2ba70 .scope module, "UUT" "bus" 2 8, 3 2 0, S_0x555ca8c2b8f0;
 .timescale -9 -9;
    .port_info 0 /INPUT 3 "a"
    .port_info 1 /INPUT 2 "b"
    .port_info 2 /OUTPUT 7 "y"
L_0x7fb3032b5018 .functor BUFT 1, C4<11>, C4<0>, C4<0>, C4<0>;
v0x555ca8c2bc90_0 .net/2u *"_s0", 1 0, L_0x7fb3032b5018;  1 drivers
v0x555ca8c4bcb0_0 .net "a", 2 0, v0x555ca8c4bfb0_0;  1 drivers
v0x555ca8c4bd90_0 .net "b", 1 0, v0x555ca8c4c0a0_0;  1 drivers
v0x555ca8c4be50_0 .net "y", 6 0, L_0x555ca8c4c2a0;  alias, 1 drivers
L_0x555ca8c4c2a0 .delay 7 (10,10,10) L_0x555ca8c4c2a0/d;
L_0x555ca8c4c2a0/d .concat [ 2 2 3 0], L_0x7fb3032b5018, v0x555ca8c4c0a0_0, v0x555ca8c4bfb0_0;
    .scope S_0x555ca8c2b8f0;
T_0 ;
    %vpi_call 2 11 "$dumpfile", "waveforms.vcd" {0 0 0};
    %vpi_call 2 12 "$dumpvars", 32'sb00000000000000000000000000000000, S_0x555ca8c2b8f0 {0 0 0};
    %end;
    .thread T_0;
    .scope S_0x555ca8c2b8f0;
T_1 ;
    %pushi/vec4 7, 0, 3;
    %store/vec4 v0x555ca8c4bfb0_0, 0, 3;
    %pushi/vec4 0, 0, 2;
    %store/vec4 v0x555ca8c4c0a0_0, 0, 2;
    %delay 100, 0;
    %pushi/vec4 5, 0, 3;
    %store/vec4 v0x555ca8c4bfb0_0, 0, 3;
    %pushi/vec4 0, 0, 2;
    %store/vec4 v0x555ca8c4c0a0_0, 0, 2;
    %delay 100, 0;
    %pushi/vec4 7, 0, 3;
    %store/vec4 v0x555ca8c4bfb0_0, 0, 3;
    %pushi/vec4 3, 0, 2;
    %store/vec4 v0x555ca8c4c0a0_0, 0, 2;
    %end;
    .thread T_1;
    .scope S_0x555ca8c2b8f0;
T_2 ;
    %vpi_call 2 30 "$display", "a b y" {0 0 0};
    %vpi_call 2 31 "$monitor", "%b %b %b", v0x555ca8c4bfb0_0, v0x555ca8c4c0a0_0, v0x555ca8c4c170_0 {0 0 0};
    %end;
    .thread T_2;
# The file index is used to find the file name in the following table.
:file_names 4;
    "N/A";
    "<interactive>";
    "test.sv";
    "bus.sv";
