#! /usr/bin/vvp
:ivl_version "10.1 (stable)";
:ivl_delay_selection "TYPICAL";
:vpi_time_precision - 9;
:vpi_module "system";
:vpi_module "vhdl_sys";
:vpi_module "v2005_math";
:vpi_module "va_math";
S_0x558aada5f500 .scope module, "test" "test" 2 3;
 .timescale -9 -9;
v0x558aada7fc40_0 .var "c", 0 0;
v0x558aada7fd00_0 .var "d", 3 0;
v0x558aada7fdd0_0 .net "q", 3 0, v0x558aada7f9e0_0;  1 drivers
v0x558aada7fed0_0 .var "r", 0 0;
S_0x558aada5f680 .scope module, "UUT" "flop" 2 7, 3 7 0, S_0x558aada5f500;
 .timescale 0 0;
    .port_info 0 /INPUT 1 "c"
    .port_info 1 /INPUT 1 "r"
    .port_info 2 /INPUT 4 "d"
    .port_info 3 /OUTPUT 4 "q"
v0x558aada5f8c0_0 .net "c", 0 0, v0x558aada7fc40_0;  1 drivers
v0x558aada7f900_0 .net "d", 3 0, v0x558aada7fd00_0;  1 drivers
v0x558aada7f9e0_0 .var "q", 3 0;
v0x558aada7fad0_0 .net "r", 0 0, v0x558aada7fed0_0;  1 drivers
E_0x558aada238a0 .event posedge, v0x558aada5f8c0_0;
    .scope S_0x558aada5f680;
T_0 ;
    %wait E_0x558aada238a0;
    %load/vec4 v0x558aada7fad0_0;
    %flag_set/vec4 8;
    %jmp/0xz  T_0.0, 8;
    %pushi/vec4 0, 0, 4;
    %assign/vec4 v0x558aada7f9e0_0, 0;
    %jmp T_0.1;
T_0.0 ;
    %load/vec4 v0x558aada7f900_0;
    %assign/vec4 v0x558aada7f9e0_0, 0;
T_0.1 ;
    %jmp T_0;
    .thread T_0;
    .scope S_0x558aada5f500;
T_1 ;
    %vpi_call 2 10 "$dumpfile", "waveforms.vcd" {0 0 0};
    %vpi_call 2 11 "$dumpvars", 32'sb00000000000000000000000000000000, S_0x558aada5f500 {0 0 0};
    %end;
    .thread T_1;
    .scope S_0x558aada5f500;
T_2 ;
    %pushi/vec4 15, 0, 4;
    %store/vec4 v0x558aada7fd00_0, 0, 4;
    %pushi/vec4 0, 0, 1;
    %store/vec4 v0x558aada7fc40_0, 0, 1;
    %pushi/vec4 0, 0, 1;
    %store/vec4 v0x558aada7fed0_0, 0, 1;
    %delay 100, 0;
    %pushi/vec4 1, 0, 1;
    %store/vec4 v0x558aada7fc40_0, 0, 1;
    %delay 100, 0;
    %pushi/vec4 12, 0, 4;
    %store/vec4 v0x558aada7fd00_0, 0, 4;
    %delay 100, 0;
    %pushi/vec4 0, 0, 1;
    %store/vec4 v0x558aada7fc40_0, 0, 1;
    %delay 100, 0;
    %pushi/vec4 1, 0, 1;
    %store/vec4 v0x558aada7fc40_0, 0, 1;
    %pushi/vec4 1, 0, 1;
    %store/vec4 v0x558aada7fed0_0, 0, 1;
    %delay 100, 0;
    %end;
    .thread T_2;
    .scope S_0x558aada5f500;
T_3 ;
    %vpi_call 2 35 "$display", "d q c r" {0 0 0};
    %vpi_call 2 36 "$monitor", "%b %b %b", v0x558aada7fd00_0, v0x558aada7fdd0_0, v0x558aada7fc40_0, v0x558aada7fed0_0 {0 0 0};
    %end;
    .thread T_3;
# The file index is used to find the file name in the following table.
:file_names 4;
    "N/A";
    "<interactive>";
    "test.sv";
    "flop.sv";
