#! /usr/bin/vvp
:ivl_version "10.1 (stable)";
:ivl_delay_selection "TYPICAL";
:vpi_time_precision - 9;
:vpi_module "system";
:vpi_module "vhdl_sys";
:vpi_module "v2005_math";
:vpi_module "va_math";
S_0x559c41c137a0 .scope module, "test" "test" 2 3;
 .timescale -9 -9;
v0x559c41c33c70_0 .var "a", 7 0;
v0x559c41c33d30_0 .net "y", 0 0, L_0x559c41c33e00;  1 drivers
S_0x559c41c13920 .scope module, "UUT" "and8" 2 7, 3 1 0, S_0x559c41c137a0;
 .timescale 0 0;
    .port_info 0 /INPUT 8 "a"
    .port_info 1 /OUTPUT 1 "y"
v0x559c41c13af0_0 .net "a", 7 0, v0x559c41c33c70_0;  1 drivers
v0x559c41c33b50_0 .net "y", 0 0, L_0x559c41c33e00;  alias, 1 drivers
L_0x559c41c33e00 .reduce/and v0x559c41c33c70_0;
    .scope S_0x559c41c137a0;
T_0 ;
    %vpi_call 2 10 "$dumpfile", "waveforms.vcd" {0 0 0};
    %vpi_call 2 11 "$dumpvars", 32'sb00000000000000000000000000000000, S_0x559c41c137a0 {0 0 0};
    %end;
    .thread T_0;
    .scope S_0x559c41c137a0;
T_1 ;
    %pushi/vec4 2, 0, 8;
    %store/vec4 v0x559c41c33c70_0, 0, 8;
    %delay 100, 0;
    %pushi/vec4 5, 0, 8;
    %store/vec4 v0x559c41c33c70_0, 0, 8;
    %delay 100, 0;
    %pushi/vec4 255, 0, 8;
    %store/vec4 v0x559c41c33c70_0, 0, 8;
    %delay 100, 0;
    %pushi/vec4 0, 0, 8;
    %store/vec4 v0x559c41c33c70_0, 0, 8;
    %end;
    .thread T_1;
    .scope S_0x559c41c137a0;
T_2 ;
    %vpi_call 2 26 "$monitor", "%b  %b", v0x559c41c33c70_0, v0x559c41c33d30_0 {0 0 0};
    %end;
    .thread T_2;
# The file index is used to find the file name in the following table.
:file_names 4;
    "N/A";
    "<interactive>";
    "test.sv";
    "and8.sv";
