#! /usr/bin/vvp
:ivl_version "10.1 (stable)";
:ivl_delay_selection "TYPICAL";
:vpi_time_precision - 9;
:vpi_module "system";
:vpi_module "vhdl_sys";
:vpi_module "v2005_math";
:vpi_module "va_math";
S_0x55d64a2b5260 .scope module, "test" "test" 2 3;
 .timescale -9 -9;
v0x55d64a2d6400_0 .var "a", 0 0;
v0x55d64a2d64c0_0 .var "b", 0 0;
v0x55d64a2d6590_0 .var "c", 0 0;
v0x55d64a2d6690_0 .net "y", 0 0, L_0x55d64a2e71c0;  1 drivers
S_0x55d64a2b53e0 .scope module, "UUT" "minority" 2 8, 3 1 0, S_0x55d64a2b5260;
 .timescale 0 0;
    .port_info 0 /INPUT 1 "a"
    .port_info 1 /INPUT 1 "b"
    .port_info 2 /INPUT 1 "c"
    .port_info 3 /OUTPUT 1 "y"
v0x55d64a2b5620_0 .net *"_s0", 31 0, L_0x55d64a2d6760;  1 drivers
v0x55d64a2d55c0_0 .net *"_s10", 31 0, L_0x55d64a2e6bb0;  1 drivers
L_0x7fce441d90a8 .functor BUFT 1, C4<0000000000000000000000000000000>, C4<0>, C4<0>, C4<0>;
v0x55d64a2d56a0_0 .net *"_s13", 30 0, L_0x7fce441d90a8;  1 drivers
v0x55d64a2d5790_0 .net *"_s14", 31 0, L_0x55d64a2e6d20;  1 drivers
L_0x7fce441d90f0 .functor BUFT 1, C4<00000000000000000000000000000001>, C4<0>, C4<0>, C4<0>;
v0x55d64a2d5870_0 .net/2u *"_s16", 31 0, L_0x7fce441d90f0;  1 drivers
v0x55d64a2d59a0_0 .net *"_s18", 0 0, L_0x55d64a2e6e60;  1 drivers
L_0x7fce441d9138 .functor BUFT 1, C4<01>, C4<0>, C4<0>, C4<0>;
v0x55d64a2d5a60_0 .net/2s *"_s20", 1 0, L_0x7fce441d9138;  1 drivers
L_0x7fce441d9180 .functor BUFT 1, C4<00>, C4<0>, C4<0>, C4<0>;
v0x55d64a2d5b40_0 .net/2s *"_s22", 1 0, L_0x7fce441d9180;  1 drivers
v0x55d64a2d5c20_0 .net *"_s24", 1 0, L_0x55d64a2e7030;  1 drivers
L_0x7fce441d9018 .functor BUFT 1, C4<0000000000000000000000000000000>, C4<0>, C4<0>, C4<0>;
v0x55d64a2d5d00_0 .net *"_s3", 30 0, L_0x7fce441d9018;  1 drivers
v0x55d64a2d5de0_0 .net *"_s4", 31 0, L_0x55d64a2e68c0;  1 drivers
L_0x7fce441d9060 .functor BUFT 1, C4<0000000000000000000000000000000>, C4<0>, C4<0>, C4<0>;
v0x55d64a2d5ec0_0 .net *"_s7", 30 0, L_0x7fce441d9060;  1 drivers
v0x55d64a2d5fa0_0 .net *"_s8", 31 0, L_0x55d64a2e6a00;  1 drivers
v0x55d64a2d6080_0 .net "a", 0 0, v0x55d64a2d6400_0;  1 drivers
v0x55d64a2d6140_0 .net "b", 0 0, v0x55d64a2d64c0_0;  1 drivers
v0x55d64a2d6200_0 .net "c", 0 0, v0x55d64a2d6590_0;  1 drivers
v0x55d64a2d62c0_0 .net "y", 0 0, L_0x55d64a2e71c0;  alias, 1 drivers
L_0x55d64a2d6760 .concat [ 1 31 0 0], v0x55d64a2d6400_0, L_0x7fce441d9018;
L_0x55d64a2e68c0 .concat [ 1 31 0 0], v0x55d64a2d64c0_0, L_0x7fce441d9060;
L_0x55d64a2e6a00 .arith/sum 32, L_0x55d64a2d6760, L_0x55d64a2e68c0;
L_0x55d64a2e6bb0 .concat [ 1 31 0 0], v0x55d64a2d6590_0, L_0x7fce441d90a8;
L_0x55d64a2e6d20 .arith/sum 32, L_0x55d64a2e6a00, L_0x55d64a2e6bb0;
L_0x55d64a2e6e60 .cmp/gt 32, L_0x55d64a2e6d20, L_0x7fce441d90f0;
L_0x55d64a2e7030 .functor MUXZ 2, L_0x7fce441d9180, L_0x7fce441d9138, L_0x55d64a2e6e60, C4<>;
L_0x55d64a2e71c0 .part L_0x55d64a2e7030, 0, 1;
    .scope S_0x55d64a2b5260;
T_0 ;
    %vpi_call 2 11 "$dumpfile", "waveforms.vcd" {0 0 0};
    %vpi_call 2 12 "$dumpvars", 32'sb00000000000000000000000000000000, S_0x55d64a2b5260 {0 0 0};
    %end;
    .thread T_0;
    .scope S_0x55d64a2b5260;
T_1 ;
    %pushi/vec4 1, 0, 1;
    %store/vec4 v0x55d64a2d6400_0, 0, 1;
    %pushi/vec4 0, 0, 1;
    %store/vec4 v0x55d64a2d64c0_0, 0, 1;
    %pushi/vec4 0, 0, 1;
    %store/vec4 v0x55d64a2d6590_0, 0, 1;
    %delay 100, 0;
    %load/vec4 v0x55d64a2d6690_0;
    %pad/u 32;
    %cmpi/ne 0, 0, 32;
    %jmp/0xz  T_1.0, 4;
    %vpi_call 2 22 "$display", "%c[1;31m", 32'sb00000000000000000000000000011011 {0 0 0};
    %vpi_call 2 22 "$display", "1 error" {0 0 0};
    %vpi_call 2 22 "$display", "%c[0m", 32'sb00000000000000000000000000011011 {0 0 0};
T_1.0 ;
    %pushi/vec4 1, 0, 1;
    %store/vec4 v0x55d64a2d6400_0, 0, 1;
    %pushi/vec4 0, 0, 1;
    %store/vec4 v0x55d64a2d64c0_0, 0, 1;
    %pushi/vec4 1, 0, 1;
    %store/vec4 v0x55d64a2d6590_0, 0, 1;
    %delay 100, 0;
    %load/vec4 v0x55d64a2d6690_0;
    %pad/u 32;
    %cmpi/ne 1, 0, 32;
    %jmp/0xz  T_1.2, 4;
    %vpi_call 2 30 "$display", "%c[1;31m", 32'sb00000000000000000000000000011011 {0 0 0};
    %vpi_call 2 30 "$display", "2 error" {0 0 0};
    %vpi_call 2 30 "$display", "%c[0m", 32'sb00000000000000000000000000011011 {0 0 0};
T_1.2 ;
    %pushi/vec4 1, 0, 1;
    %store/vec4 v0x55d64a2d6400_0, 0, 1;
    %pushi/vec4 1, 0, 1;
    %store/vec4 v0x55d64a2d64c0_0, 0, 1;
    %pushi/vec4 1, 0, 1;
    %store/vec4 v0x55d64a2d6590_0, 0, 1;
    %delay 100, 0;
    %load/vec4 v0x55d64a2d6690_0;
    %pad/u 32;
    %cmpi/ne 1, 0, 32;
    %jmp/0xz  T_1.4, 4;
    %vpi_call 2 38 "$display", "%c[1;31m", 32'sb00000000000000000000000000011011 {0 0 0};
    %vpi_call 2 38 "$display", "3 error" {0 0 0};
    %vpi_call 2 38 "$display", "%c[0m", 32'sb00000000000000000000000000011011 {0 0 0};
T_1.4 ;
    %delay 100, 0;
    %pushi/vec4 0, 0, 1;
    %store/vec4 v0x55d64a2d6400_0, 0, 1;
    %pushi/vec4 0, 0, 1;
    %store/vec4 v0x55d64a2d64c0_0, 0, 1;
    %pushi/vec4 0, 0, 1;
    %store/vec4 v0x55d64a2d6590_0, 0, 1;
    %delay 100, 0;
    %load/vec4 v0x55d64a2d6690_0;
    %pad/u 32;
    %cmpi/ne 0, 0, 32;
    %jmp/0xz  T_1.6, 4;
    %vpi_call 2 47 "$display", "%c[1;31m", 32'sb00000000000000000000000000011011 {0 0 0};
    %vpi_call 2 47 "$display", "4 error" {0 0 0};
    %vpi_call 2 47 "$display", "%c[0m", 32'sb00000000000000000000000000011011 {0 0 0};
T_1.6 ;
    %delay 100, 0;
    %end;
    .thread T_1;
    .scope S_0x55d64a2b5260;
T_2 ;
    %vpi_call 2 55 "$display", "a  b  y" {0 0 0};
    %vpi_call 2 56 "$monitor", "%b %b %b", v0x55d64a2d6400_0, v0x55d64a2d64c0_0, v0x55d64a2d6690_0 {0 0 0};
    %end;
    .thread T_2;
# The file index is used to find the file name in the following table.
:file_names 4;
    "N/A";
    "<interactive>";
    "test.sv";
    "minority.sv";
