#! /usr/bin/vvp
:ivl_version "10.1 (stable)";
:ivl_delay_selection "TYPICAL";
:vpi_time_precision - 9;
:vpi_module "system";
:vpi_module "vhdl_sys";
:vpi_module "v2005_math";
:vpi_module "va_math";
S_0x55c47a019710 .scope module, "test" "test" 2 3;
 .timescale -9 -9;
v0x55c47a039cf0_0 .var "a", 1 0;
v0x55c47a039de0_0 .var "b", 1 0;
v0x55c47a039eb0_0 .net "y", 1 0, L_0x55c47a039fb0;  1 drivers
S_0x55c47a019890 .scope module, "UUT" "adder" 2 7, 3 1 0, S_0x55c47a019710;
 .timescale 0 0;
    .port_info 0 /INPUT 2 "a"
    .port_info 1 /INPUT 2 "b"
    .port_info 2 /OUTPUT 2 "y"
v0x55c47a019ab0_0 .net "a", 1 0, v0x55c47a039cf0_0;  1 drivers
v0x55c47a039ad0_0 .net "b", 1 0, v0x55c47a039de0_0;  1 drivers
v0x55c47a039bb0_0 .net "y", 1 0, L_0x55c47a039fb0;  alias, 1 drivers
L_0x55c47a039fb0 .arith/sum 2, v0x55c47a039cf0_0, v0x55c47a039de0_0;
    .scope S_0x55c47a019710;
T_0 ;
    %vpi_call 2 10 "$dumpfile", "waveforms.vcd" {0 0 0};
    %vpi_call 2 11 "$dumpvars", 32'sb00000000000000000000000000000000, S_0x55c47a019710 {0 0 0};
    %end;
    .thread T_0;
    .scope S_0x55c47a019710;
T_1 ;
    %pushi/vec4 0, 0, 2;
    %store/vec4 v0x55c47a039cf0_0, 0, 2;
    %pushi/vec4 1, 0, 2;
    %store/vec4 v0x55c47a039de0_0, 0, 2;
    %delay 100, 0;
    %load/vec4 v0x55c47a039eb0_0;
    %pad/u 32;
    %cmpi/ne 2, 0, 32;
    %jmp/0xz  T_1.0, 4;
    %vpi_call 2 18 "$display", "%c[1;31m", 32'sb00000000000000000000000000011011 {0 0 0};
T_1.0 ;
    %vpi_call 2 18 "$display", "0 + 1 error" {0 0 0};
    %vpi_call 2 18 "$display", "%c[0m", 32'sb00000000000000000000000000011011 {0 0 0};
    %pushi/vec4 1, 0, 2;
    %store/vec4 v0x55c47a039cf0_0, 0, 2;
    %pushi/vec4 1, 0, 2;
    %store/vec4 v0x55c47a039de0_0, 0, 2;
    %delay 100, 0;
    %pushi/vec4 2, 0, 2;
    %store/vec4 v0x55c47a039cf0_0, 0, 2;
    %pushi/vec4 1, 0, 2;
    %store/vec4 v0x55c47a039de0_0, 0, 2;
    %delay 100, 0;
    %end;
    .thread T_1;
    .scope S_0x55c47a019710;
T_2 ;
    %vpi_call 2 32 "$display", "a  b  y" {0 0 0};
    %vpi_call 2 33 "$monitor", "%b %b %b", v0x55c47a039cf0_0, v0x55c47a039de0_0, v0x55c47a039eb0_0 {0 0 0};
    %end;
    .thread T_2;
# The file index is used to find the file name in the following table.
:file_names 4;
    "N/A";
    "<interactive>";
    "test.sv";
    "adder.v";
