#! /usr/bin/vvp
:ivl_version "10.1 (stable)";
:ivl_delay_selection "TYPICAL";
:vpi_time_precision - 9;
:vpi_module "system";
:vpi_module "vhdl_sys";
:vpi_module "v2005_math";
:vpi_module "va_math";
S_0x5629d7a287d0 .scope module, "test" "test" 2 3;
 .timescale -9 -9;
v0x5629d7a49130_0 .var "clk", 0 0;
v0x5629d7a491d0_0 .var "rst", 0 0;
v0x5629d7a492a0_0 .net "y", 1 0, L_0x5629d7a1edb0;  1 drivers
S_0x5629d7a28950 .scope module, "UUT" "state_mach" 2 6, 3 1 0, S_0x5629d7a287d0;
 .timescale 0 0;
    .port_info 0 /INPUT 1 "clk"
    .port_info 1 /INPUT 1 "rst"
    .port_info 2 /OUTPUT 2 "y"
P_0x5629d7a28b20 .param/l "S0" 0 3 4, +C4<00000000000000000000000000000000>;
P_0x5629d7a28b60 .param/l "S1" 0 3 4, +C4<00000000000000000000000000000001>;
P_0x5629d7a28ba0 .param/l "S2" 0 3 4, +C4<00000000000000000000000000000010>;
L_0x5629d7a1edb0 .functor BUFZ 2, v0x5629d7a48ea0_0, C4<00>, C4<00>, C4<00>;
v0x5629d7a28d30_0 .net "clk", 0 0, v0x5629d7a49130_0;  1 drivers
v0x5629d7a48cf0_0 .var "nextstate", 1 0;
v0x5629d7a48dd0_0 .net "rst", 0 0, v0x5629d7a491d0_0;  1 drivers
v0x5629d7a48ea0_0 .var "state", 1 0;
v0x5629d7a48f80_0 .net "y", 1 0, L_0x5629d7a1edb0;  alias, 1 drivers
E_0x5629d7a1eca0 .event edge, v0x5629d7a48ea0_0;
E_0x5629d79e9ae0 .event posedge, v0x5629d7a48dd0_0, v0x5629d7a28d30_0;
    .scope S_0x5629d7a28950;
T_0 ;
    %wait E_0x5629d79e9ae0;
    %load/vec4 v0x5629d7a48dd0_0;
    %flag_set/vec4 8;
    %jmp/0xz  T_0.0, 8;
    %pushi/vec4 0, 0, 2;
    %assign/vec4 v0x5629d7a48ea0_0, 0;
    %jmp T_0.1;
T_0.0 ;
    %load/vec4 v0x5629d7a48cf0_0;
    %assign/vec4 v0x5629d7a48ea0_0, 0;
T_0.1 ;
    %jmp T_0;
    .thread T_0;
    .scope S_0x5629d7a28950;
T_1 ;
    %wait E_0x5629d7a1eca0;
    %load/vec4 v0x5629d7a48ea0_0;
    %dup/vec4;
    %pushi/vec4 0, 0, 2;
    %cmp/u;
    %jmp/1 T_1.0, 6;
    %dup/vec4;
    %pushi/vec4 1, 0, 2;
    %cmp/u;
    %jmp/1 T_1.1, 6;
    %dup/vec4;
    %pushi/vec4 2, 0, 2;
    %cmp/u;
    %jmp/1 T_1.2, 6;
    %pushi/vec4 0, 0, 2;
    %store/vec4 v0x5629d7a48cf0_0, 0, 2;
    %jmp T_1.4;
T_1.0 ;
    %pushi/vec4 1, 0, 2;
    %store/vec4 v0x5629d7a48cf0_0, 0, 2;
    %jmp T_1.4;
T_1.1 ;
    %pushi/vec4 2, 0, 2;
    %store/vec4 v0x5629d7a48cf0_0, 0, 2;
    %jmp T_1.4;
T_1.2 ;
    %pushi/vec4 0, 0, 2;
    %store/vec4 v0x5629d7a48cf0_0, 0, 2;
    %jmp T_1.4;
T_1.4 ;
    %pop/vec4 1;
    %jmp T_1;
    .thread T_1, $push;
    .scope S_0x5629d7a287d0;
T_2 ;
    %vpi_call 2 9 "$dumpfile", "waveforms.vcd" {0 0 0};
    %vpi_call 2 10 "$dumpvars", 32'sb00000000000000000000000000000000, S_0x5629d7a287d0 {0 0 0};
    %end;
    .thread T_2;
    .scope S_0x5629d7a287d0;
T_3 ;
    %pushi/vec4 0, 0, 1;
    %store/vec4 v0x5629d7a491d0_0, 0, 1;
    %pushi/vec4 0, 0, 1;
    %store/vec4 v0x5629d7a49130_0, 0, 1;
    %delay 100, 0;
    %pushi/vec4 1, 0, 1;
    %store/vec4 v0x5629d7a491d0_0, 0, 1;
    %delay 100, 0;
    %pushi/vec4 0, 0, 1;
    %store/vec4 v0x5629d7a491d0_0, 0, 1;
    %delay 100, 0;
    %pushi/vec4 1, 0, 1;
    %store/vec4 v0x5629d7a49130_0, 0, 1;
    %delay 100, 0;
    %pushi/vec4 0, 0, 1;
    %store/vec4 v0x5629d7a49130_0, 0, 1;
    %delay 100, 0;
    %pushi/vec4 1, 0, 1;
    %store/vec4 v0x5629d7a49130_0, 0, 1;
    %delay 100, 0;
    %pushi/vec4 1, 0, 1;
    %store/vec4 v0x5629d7a49130_0, 0, 1;
    %delay 100, 0;
    %pushi/vec4 0, 0, 1;
    %store/vec4 v0x5629d7a49130_0, 0, 1;
    %delay 100, 0;
    %pushi/vec4 1, 0, 1;
    %store/vec4 v0x5629d7a49130_0, 0, 1;
    %delay 100, 0;
    %pushi/vec4 0, 0, 1;
    %store/vec4 v0x5629d7a49130_0, 0, 1;
    %end;
    .thread T_3;
    .scope S_0x5629d7a287d0;
T_4 ;
    %vpi_call 2 40 "$display", "rst clk y" {0 0 0};
    %vpi_call 2 41 "$monitor", "%b  %b  %b", v0x5629d7a491d0_0, v0x5629d7a49130_0, v0x5629d7a492a0_0 {0 0 0};
    %end;
    .thread T_4;
# The file index is used to find the file name in the following table.
:file_names 4;
    "N/A";
    "<interactive>";
    "test.sv";
    "state_mach.sv";
