#! /usr/bin/vvp
:ivl_version "10.1 (stable)";
:ivl_delay_selection "TYPICAL";
:vpi_time_precision - 9;
:vpi_module "system";
:vpi_module "vhdl_sys";
:vpi_module "v2005_math";
:vpi_module "va_math";
S_0x55def4f82fa0 .scope module, "test" "test" 2 3;
 .timescale -9 -9;
v0x55def4fa3620_0 .var "d", 7 0;
v0x55def4fa3710_0 .var "s", 2 0;
v0x55def4fa37e0_0 .net "y", 0 0, v0x55def4fa3500_0;  1 drivers
S_0x55def4f83120 .scope module, "UUT" "mux8" 2 7, 3 1 0, S_0x55def4f82fa0;
 .timescale 0 0;
    .port_info 0 /INPUT 3 "s"
    .port_info 1 /INPUT 8 "d"
    .port_info 2 /OUTPUT 1 "y"
v0x55def4f83360_0 .net "d", 7 0, v0x55def4fa3620_0;  1 drivers
v0x55def4fa3420_0 .net "s", 2 0, v0x55def4fa3710_0;  1 drivers
v0x55def4fa3500_0 .var "y", 0 0;
E_0x55def4f786f0 .event edge, v0x55def4fa3420_0;
    .scope S_0x55def4f83120;
T_0 ;
    %wait E_0x55def4f786f0;
    %load/vec4 v0x55def4fa3420_0;
    %dup/vec4;
    %pushi/vec4 0, 0, 3;
    %cmp/u;
    %jmp/1 T_0.0, 6;
    %dup/vec4;
    %pushi/vec4 1, 0, 3;
    %cmp/u;
    %jmp/1 T_0.1, 6;
    %dup/vec4;
    %pushi/vec4 2, 0, 3;
    %cmp/u;
    %jmp/1 T_0.2, 6;
    %dup/vec4;
    %pushi/vec4 3, 0, 3;
    %cmp/u;
    %jmp/1 T_0.3, 6;
    %dup/vec4;
    %pushi/vec4 4, 0, 3;
    %cmp/u;
    %jmp/1 T_0.4, 6;
    %dup/vec4;
    %pushi/vec4 5, 0, 3;
    %cmp/u;
    %jmp/1 T_0.5, 6;
    %dup/vec4;
    %pushi/vec4 6, 0, 3;
    %cmp/u;
    %jmp/1 T_0.6, 6;
    %dup/vec4;
    %pushi/vec4 7, 0, 3;
    %cmp/u;
    %jmp/1 T_0.7, 6;
    %pushi/vec4 0, 0, 1;
    %store/vec4 v0x55def4fa3500_0, 0, 1;
    %jmp T_0.9;
T_0.0 ;
    %load/vec4 v0x55def4f83360_0;
    %parti/s 1, 0, 2;
    %store/vec4 v0x55def4fa3500_0, 0, 1;
    %jmp T_0.9;
T_0.1 ;
    %load/vec4 v0x55def4f83360_0;
    %parti/s 1, 1, 2;
    %store/vec4 v0x55def4fa3500_0, 0, 1;
    %jmp T_0.9;
T_0.2 ;
    %load/vec4 v0x55def4f83360_0;
    %parti/s 1, 2, 3;
    %store/vec4 v0x55def4fa3500_0, 0, 1;
    %jmp T_0.9;
T_0.3 ;
    %load/vec4 v0x55def4f83360_0;
    %parti/s 1, 3, 3;
    %store/vec4 v0x55def4fa3500_0, 0, 1;
    %jmp T_0.9;
T_0.4 ;
    %load/vec4 v0x55def4f83360_0;
    %parti/s 1, 4, 4;
    %store/vec4 v0x55def4fa3500_0, 0, 1;
    %jmp T_0.9;
T_0.5 ;
    %load/vec4 v0x55def4f83360_0;
    %parti/s 1, 5, 4;
    %store/vec4 v0x55def4fa3500_0, 0, 1;
    %jmp T_0.9;
T_0.6 ;
    %load/vec4 v0x55def4f83360_0;
    %parti/s 1, 6, 4;
    %store/vec4 v0x55def4fa3500_0, 0, 1;
    %jmp T_0.9;
T_0.7 ;
    %load/vec4 v0x55def4f83360_0;
    %parti/s 1, 7, 4;
    %store/vec4 v0x55def4fa3500_0, 0, 1;
    %jmp T_0.9;
T_0.9 ;
    %pop/vec4 1;
    %jmp T_0;
    .thread T_0, $push;
    .scope S_0x55def4f82fa0;
T_1 ;
    %vpi_call 2 10 "$dumpfile", "waveforms.vcd" {0 0 0};
    %vpi_call 2 11 "$dumpvars", 32'sb00000000000000000000000000000000, S_0x55def4f82fa0 {0 0 0};
    %end;
    .thread T_1;
    .scope S_0x55def4f82fa0;
T_2 ;
    %pushi/vec4 240, 0, 8;
    %store/vec4 v0x55def4fa3620_0, 0, 8;
    %pushi/vec4 1, 0, 3;
    %store/vec4 v0x55def4fa3710_0, 0, 3;
    %delay 100, 0;
    %load/vec4 v0x55def4fa37e0_0;
    %pad/u 32;
    %cmpi/ne 0, 0, 32;
    %jmp/0xz  T_2.0, 4;
    %vpi_call 2 20 "$display", "%c[1;31m", 32'sb00000000000000000000000000011011 {0 0 0};
    %vpi_call 2 20 "$display", "1 error" {0 0 0};
    %vpi_call 2 20 "$display", "%c[0m", 32'sb00000000000000000000000000011011 {0 0 0};
T_2.0 ;
    %pushi/vec4 2, 0, 3;
    %store/vec4 v0x55def4fa3710_0, 0, 3;
    %delay 100, 0;
    %load/vec4 v0x55def4fa37e0_0;
    %pad/u 32;
    %cmpi/ne 0, 0, 32;
    %jmp/0xz  T_2.2, 4;
    %vpi_call 2 26 "$display", "%c[1;31m", 32'sb00000000000000000000000000011011 {0 0 0};
    %vpi_call 2 26 "$display", "2 error" {0 0 0};
    %vpi_call 2 26 "$display", "%c[0m", 32'sb00000000000000000000000000011011 {0 0 0};
T_2.2 ;
    %pushi/vec4 7, 0, 3;
    %store/vec4 v0x55def4fa3710_0, 0, 3;
    %delay 100, 0;
    %load/vec4 v0x55def4fa37e0_0;
    %pad/u 32;
    %cmpi/ne 1, 0, 32;
    %jmp/0xz  T_2.4, 4;
    %vpi_call 2 32 "$display", "%c[1;31m", 32'sb00000000000000000000000000011011 {0 0 0};
    %vpi_call 2 32 "$display", "3 error" {0 0 0};
    %vpi_call 2 32 "$display", "%c[0m", 32'sb00000000000000000000000000011011 {0 0 0};
T_2.4 ;
    %delay 100, 0;
    %pushi/vec4 5, 0, 3;
    %store/vec4 v0x55def4fa3710_0, 0, 3;
    %delay 100, 0;
    %load/vec4 v0x55def4fa37e0_0;
    %pad/u 32;
    %cmpi/ne 1, 0, 32;
    %jmp/0xz  T_2.6, 4;
    %vpi_call 2 39 "$display", "%c[1;31m", 32'sb00000000000000000000000000011011 {0 0 0};
    %vpi_call 2 39 "$display", "4 error" {0 0 0};
    %vpi_call 2 39 "$display", "%c[0m", 32'sb00000000000000000000000000011011 {0 0 0};
T_2.6 ;
    %delay 100, 0;
    %end;
    .thread T_2;
    .scope S_0x55def4f82fa0;
T_3 ;
    %vpi_call 2 47 "$display", "s  y" {0 0 0};
    %vpi_call 2 48 "$monitor", "%b %b", v0x55def4fa3710_0, v0x55def4fa37e0_0 {0 0 0};
    %end;
    .thread T_3;
# The file index is used to find the file name in the following table.
:file_names 4;
    "N/A";
    "<interactive>";
    "test.sv";
    "mux8.sv";
