#! /usr/bin/vvp
:ivl_version "10.1 (stable)";
:ivl_delay_selection "TYPICAL";
:vpi_time_precision - 9;
:vpi_module "system";
:vpi_module "vhdl_sys";
:vpi_module "v2005_math";
:vpi_module "va_math";
S_0x55aeaf89eb60 .scope module, "example_4_2_test" "example_4_2_test" 2 3;
 .timescale -9 -9;
v0x55aeaf8bf050_0 .var "a", 3 0;
v0x55aeaf8bf110_0 .net "y", 3 0, L_0x55aeaf8bf1e0;  1 drivers
S_0x55aeaf89ece0 .scope module, "UUT" "inv" 2 7, 3 1 0, S_0x55aeaf89eb60;
 .timescale -9 -9;
    .port_info 0 /INPUT 4 "a"
    .port_info 1 /OUTPUT 4 "y"
L_0x55aeaf8bf1e0 .functor NOT 4, v0x55aeaf8bf050_0, C4<0000>, C4<0000>, C4<0000>;
v0x55aeaf89eeb0_0 .net "a", 3 0, v0x55aeaf8bf050_0;  1 drivers
v0x55aeaf8bef10_0 .net "y", 3 0, L_0x55aeaf8bf1e0;  alias, 1 drivers
    .scope S_0x55aeaf89eb60;
T_0 ;
    %vpi_call 2 10 "$dumpfile", "waveforms.vcd" {0 0 0};
    %vpi_call 2 11 "$dumpvars", 32'sb00000000000000000000000000000000, S_0x55aeaf89eb60 {0 0 0};
    %end;
    .thread T_0;
    .scope S_0x55aeaf89eb60;
T_1 ;
    %pushi/vec4 1, 0, 4;
    %store/vec4 v0x55aeaf8bf050_0, 0, 4;
    %delay 100, 0;
    %pushi/vec4 0, 0, 4;
    %store/vec4 v0x55aeaf8bf050_0, 0, 4;
    %delay 100, 0;
    %pushi/vec4 1, 0, 4;
    %store/vec4 v0x55aeaf8bf050_0, 0, 4;
    %delay 100, 0;
    %pushi/vec4 0, 0, 4;
    %store/vec4 v0x55aeaf8bf050_0, 0, 4;
    %end;
    .thread T_1;
    .scope S_0x55aeaf89eb60;
T_2 ;
    %vpi_call 2 26 "$monitor", "%b  %b", v0x55aeaf8bf050_0, v0x55aeaf8bf110_0 {0 0 0};
    %end;
    .thread T_2;
# The file index is used to find the file name in the following table.
:file_names 4;
    "N/A";
    "<interactive>";
    "example_4_2_test.sv";
    "inv.sv";
