#! /usr/bin/vvp
:ivl_version "10.1 (stable)";
:ivl_delay_selection "TYPICAL";
:vpi_time_precision - 9;
:vpi_module "system";
:vpi_module "vhdl_sys";
:vpi_module "v2005_math";
:vpi_module "va_math";
S_0x55fa63923480 .scope module, "test" "test" 2 3;
 .timescale -9 -9;
v0x55fa639439f0_0 .var "d", 3 0;
v0x55fa63943ab0_0 .net "q", 3 0, v0x55fa639438b0_0;  1 drivers
S_0x55fa63923600 .scope module, "UUT" "prior_cases" 2 6, 3 1 0, S_0x55fa63923480;
 .timescale 0 0;
    .port_info 0 /INPUT 4 "d"
    .port_info 1 /OUTPUT 4 "q"
v0x55fa639237f0_0 .net "d", 3 0, v0x55fa639439f0_0;  1 drivers
v0x55fa639438b0_0 .var "q", 3 0;
E_0x55fa638e8a80 .event edge, v0x55fa639237f0_0;
    .scope S_0x55fa63923600;
T_0 ;
    %wait E_0x55fa638e8a80;
    %load/vec4 v0x55fa639237f0_0;
    %dup/vec4;
    %pushi/vec4 8, 7, 4;
    %cmp/z;
    %jmp/1 T_0.0, 4;
    %dup/vec4;
    %pushi/vec4 4, 3, 4;
    %cmp/z;
    %jmp/1 T_0.1, 4;
    %pushi/vec4 15, 0, 4;
    %assign/vec4 v0x55fa639438b0_0, 0;
    %jmp T_0.3;
T_0.0 ;
    %pushi/vec4 0, 0, 4;
    %assign/vec4 v0x55fa639438b0_0, 0;
    %jmp T_0.3;
T_0.1 ;
    %pushi/vec4 12, 0, 4;
    %assign/vec4 v0x55fa639438b0_0, 0;
    %jmp T_0.3;
T_0.3 ;
    %pop/vec4 1;
    %jmp T_0;
    .thread T_0, $push;
    .scope S_0x55fa63923480;
T_1 ;
    %vpi_call 2 9 "$dumpfile", "waveforms.vcd" {0 0 0};
    %vpi_call 2 10 "$dumpvars", 32'sb00000000000000000000000000000000, S_0x55fa63923480 {0 0 0};
    %end;
    .thread T_1;
    .scope S_0x55fa63923480;
T_2 ;
    %pushi/vec4 15, 0, 4;
    %store/vec4 v0x55fa639439f0_0, 0, 4;
    %delay 100, 0;
    %pushi/vec4 0, 0, 4;
    %store/vec4 v0x55fa639439f0_0, 0, 4;
    %delay 100, 0;
    %pushi/vec4 12, 0, 4;
    %store/vec4 v0x55fa639439f0_0, 0, 4;
    %delay 100, 0;
    %pushi/vec4 3, 0, 4;
    %store/vec4 v0x55fa639439f0_0, 0, 4;
    %delay 100, 0;
    %pushi/vec4 10, 0, 4;
    %store/vec4 v0x55fa639439f0_0, 0, 4;
    %delay 100, 0;
    %pushi/vec4 15, 0, 4;
    %store/vec4 v0x55fa639439f0_0, 0, 4;
    %delay 100, 0;
    %end;
    .thread T_2;
    .scope S_0x55fa63923480;
T_3 ;
    %vpi_call 2 35 "$display", "d q" {0 0 0};
    %vpi_call 2 36 "$monitor", "%b %b", v0x55fa639439f0_0, v0x55fa63943ab0_0 {0 0 0};
    %end;
    .thread T_3;
# The file index is used to find the file name in the following table.
:file_names 4;
    "N/A";
    "<interactive>";
    "test.sv";
    "prior_cases.sv";
