#! /usr/bin/vvp
:ivl_version "10.1 (stable)";
:ivl_delay_selection "TYPICAL";
:vpi_time_precision - 9;
:vpi_module "system";
:vpi_module "vhdl_sys";
:vpi_module "v2005_math";
:vpi_module "va_math";
S_0x55b2e3decd00 .scope module, "test" "test" 2 3;
 .timescale -9 -9;
v0x55b2e3e0d270_0 .var "a", 1 0;
v0x55b2e3e0d330_0 .net "y", 3 0, v0x55b2e3e0d130_0;  1 drivers
S_0x55b2e3dece80 .scope module, "UUT" "deshif" 2 6, 3 1 0, S_0x55b2e3decd00;
 .timescale 0 0;
    .port_info 0 /INPUT 2 "a"
    .port_info 1 /OUTPUT 4 "y"
v0x55b2e3ded070_0 .net "a", 1 0, v0x55b2e3e0d270_0;  1 drivers
v0x55b2e3e0d130_0 .var "y", 3 0;
E_0x55b2e3dada80 .event edge, v0x55b2e3ded070_0;
    .scope S_0x55b2e3dece80;
T_0 ;
    %wait E_0x55b2e3dada80;
    %load/vec4 v0x55b2e3ded070_0;
    %dup/vec4;
    %pushi/vec4 0, 0, 2;
    %cmp/u;
    %jmp/1 T_0.0, 6;
    %dup/vec4;
    %pushi/vec4 1, 0, 2;
    %cmp/u;
    %jmp/1 T_0.1, 6;
    %dup/vec4;
    %pushi/vec4 2, 0, 2;
    %cmp/u;
    %jmp/1 T_0.2, 6;
    %dup/vec4;
    %pushi/vec4 3, 0, 2;
    %cmp/u;
    %jmp/1 T_0.3, 6;
    %jmp T_0.4;
T_0.0 ;
    %pushi/vec4 1, 0, 4;
    %store/vec4 v0x55b2e3e0d130_0, 0, 4;
    %jmp T_0.4;
T_0.1 ;
    %pushi/vec4 2, 0, 4;
    %store/vec4 v0x55b2e3e0d130_0, 0, 4;
    %jmp T_0.4;
T_0.2 ;
    %pushi/vec4 4, 0, 4;
    %store/vec4 v0x55b2e3e0d130_0, 0, 4;
    %jmp T_0.4;
T_0.3 ;
    %pushi/vec4 8, 0, 4;
    %store/vec4 v0x55b2e3e0d130_0, 0, 4;
    %jmp T_0.4;
T_0.4 ;
    %pop/vec4 1;
    %jmp T_0;
    .thread T_0, $push;
    .scope S_0x55b2e3decd00;
T_1 ;
    %vpi_call 2 9 "$dumpfile", "waveforms.vcd" {0 0 0};
    %vpi_call 2 10 "$dumpvars", 32'sb00000000000000000000000000000000, S_0x55b2e3decd00 {0 0 0};
    %end;
    .thread T_1;
    .scope S_0x55b2e3decd00;
T_2 ;
    %pushi/vec4 0, 0, 2;
    %store/vec4 v0x55b2e3e0d270_0, 0, 2;
    %delay 100, 0;
    %load/vec4 v0x55b2e3e0d330_0;
    %cmpi/ne 1, 0, 4;
    %jmp/0xz  T_2.0, 4;
    %vpi_call 2 18 "$display", "%c[1;31m", 32'sb00000000000000000000000000011011 {0 0 0};
    %vpi_call 2 18 "$display", "1 error" {0 0 0};
    %vpi_call 2 18 "$display", "%c[0m", 32'sb00000000000000000000000000011011 {0 0 0};
T_2.0 ;
    %pushi/vec4 1, 0, 2;
    %store/vec4 v0x55b2e3e0d270_0, 0, 2;
    %delay 100, 0;
    %load/vec4 v0x55b2e3e0d330_0;
    %cmpi/ne 2, 0, 4;
    %jmp/0xz  T_2.2, 4;
    %vpi_call 2 24 "$display", "%c[1;31m", 32'sb00000000000000000000000000011011 {0 0 0};
    %vpi_call 2 24 "$display", "2 error" {0 0 0};
    %vpi_call 2 24 "$display", "%c[0m", 32'sb00000000000000000000000000011011 {0 0 0};
T_2.2 ;
    %pushi/vec4 2, 0, 2;
    %store/vec4 v0x55b2e3e0d270_0, 0, 2;
    %delay 100, 0;
    %load/vec4 v0x55b2e3e0d330_0;
    %cmpi/ne 4, 0, 4;
    %jmp/0xz  T_2.4, 4;
    %vpi_call 2 30 "$display", "%c[1;31m", 32'sb00000000000000000000000000011011 {0 0 0};
    %vpi_call 2 30 "$display", "3 error" {0 0 0};
    %vpi_call 2 30 "$display", "%c[0m", 32'sb00000000000000000000000000011011 {0 0 0};
T_2.4 ;
    %delay 100, 0;
    %pushi/vec4 3, 0, 2;
    %store/vec4 v0x55b2e3e0d270_0, 0, 2;
    %delay 100, 0;
    %load/vec4 v0x55b2e3e0d330_0;
    %cmpi/ne 8, 0, 4;
    %jmp/0xz  T_2.6, 4;
    %vpi_call 2 37 "$display", "%c[1;31m", 32'sb00000000000000000000000000011011 {0 0 0};
    %vpi_call 2 37 "$display", "4 error" {0 0 0};
    %vpi_call 2 37 "$display", "%c[0m", 32'sb00000000000000000000000000011011 {0 0 0};
T_2.6 ;
    %delay 100, 0;
    %end;
    .thread T_2;
    .scope S_0x55b2e3decd00;
T_3 ;
    %vpi_call 2 45 "$display", "a  y" {0 0 0};
    %vpi_call 2 46 "$monitor", "%b %b", v0x55b2e3e0d270_0, v0x55b2e3e0d330_0 {0 0 0};
    %end;
    .thread T_3;
# The file index is used to find the file name in the following table.
:file_names 4;
    "N/A";
    "<interactive>";
    "test.sv";
    "deshif.sv";
