#! /usr/bin/vvp
:ivl_version "10.1 (stable)";
:ivl_delay_selection "TYPICAL";
:vpi_time_precision - 9;
:vpi_module "system";
:vpi_module "vhdl_sys";
:vpi_module "v2005_math";
:vpi_module "va_math";
S_0x5598c4c38310 .scope module, "test" "test" 2 3;
 .timescale -9 -9;
v0x5598c4c58a30_0 .var "c", 0 0;
v0x5598c4c58b00_0 .var "d", 3 0;
v0x5598c4c58bd0_0 .net "q", 3 0, v0x5598c4c588d0_0;  1 drivers
S_0x5598c4c38490 .scope module, "UUT" "sync" 2 7, 3 1 0, S_0x5598c4c38310;
 .timescale 0 0;
    .port_info 0 /INPUT 1 "c"
    .port_info 1 /INPUT 4 "d"
    .port_info 2 /OUTPUT 4 "q"
v0x5598c4c386b0_0 .net "c", 0 0, v0x5598c4c58a30_0;  1 drivers
v0x5598c4c58730_0 .net "d", 3 0, v0x5598c4c58b00_0;  1 drivers
v0x5598c4c58810_0 .var "inner", 3 0;
v0x5598c4c588d0_0 .var "q", 3 0;
E_0x5598c4bfc8a0 .event posedge, v0x5598c4c386b0_0;
    .scope S_0x5598c4c38490;
T_0 ;
    %wait E_0x5598c4bfc8a0;
    %load/vec4 v0x5598c4c58730_0;
    %assign/vec4 v0x5598c4c58810_0, 0;
    %load/vec4 v0x5598c4c58810_0;
    %assign/vec4 v0x5598c4c588d0_0, 0;
    %jmp T_0;
    .thread T_0;
    .scope S_0x5598c4c38310;
T_1 ;
    %vpi_call 2 10 "$dumpfile", "waveforms.vcd" {0 0 0};
    %vpi_call 2 11 "$dumpvars", 32'sb00000000000000000000000000000000, S_0x5598c4c38310 {0 0 0};
    %end;
    .thread T_1;
    .scope S_0x5598c4c38310;
T_2 ;
    %pushi/vec4 15, 0, 4;
    %store/vec4 v0x5598c4c58b00_0, 0, 4;
    %pushi/vec4 0, 0, 1;
    %store/vec4 v0x5598c4c58a30_0, 0, 1;
    %delay 100, 0;
    %pushi/vec4 1, 0, 1;
    %store/vec4 v0x5598c4c58a30_0, 0, 1;
    %delay 100, 0;
    %pushi/vec4 12, 0, 4;
    %store/vec4 v0x5598c4c58b00_0, 0, 4;
    %delay 100, 0;
    %pushi/vec4 0, 0, 1;
    %store/vec4 v0x5598c4c58a30_0, 0, 1;
    %delay 100, 0;
    %pushi/vec4 1, 0, 1;
    %store/vec4 v0x5598c4c58a30_0, 0, 1;
    %delay 100, 0;
    %pushi/vec4 0, 0, 1;
    %store/vec4 v0x5598c4c58a30_0, 0, 1;
    %delay 100, 0;
    %pushi/vec4 1, 0, 1;
    %store/vec4 v0x5598c4c58a30_0, 0, 1;
    %end;
    .thread T_2;
    .scope S_0x5598c4c38310;
T_3 ;
    %vpi_call 2 36 "$display", "d q c" {0 0 0};
    %vpi_call 2 37 "$monitor", "%b %b %b", v0x5598c4c58b00_0, v0x5598c4c58bd0_0, v0x5598c4c58a30_0 {0 0 0};
    %end;
    .thread T_3;
# The file index is used to find the file name in the following table.
:file_names 4;
    "N/A";
    "<interactive>";
    "test.sv";
    "sync.sv";
