#! /usr/bin/vvp
:ivl_version "10.1 (stable)";
:ivl_delay_selection "TYPICAL";
:vpi_time_precision - 9;
:vpi_module "system";
:vpi_module "vhdl_sys";
:vpi_module "v2005_math";
:vpi_module "va_math";
S_0x55fd6c1d2aa0 .scope module, "test" "test" 2 3;
 .timescale -9 -9;
v0x55fd6c1f3140_0 .var "a", 7 0;
v0x55fd6c1f3220_0 .var "b", 7 0;
v0x55fd6c1f32f0_0 .var "s", 0 0;
v0x55fd6c1f33f0_0 .net "y", 7 0, L_0x55fd6c1f34c0;  1 drivers
S_0x55fd6c1d2c20 .scope module, "UUT" "mux2" 2 9, 3 1 0, S_0x55fd6c1d2aa0;
 .timescale 0 0;
    .port_info 0 /INPUT 8 "a"
    .port_info 1 /INPUT 8 "b"
    .port_info 2 /INPUT 1 "s"
    .port_info 3 /OUTPUT 8 "y"
v0x55fd6c1d2e60_0 .net "a", 7 0, v0x55fd6c1f3140_0;  1 drivers
v0x55fd6c1f2e00_0 .net "b", 7 0, v0x55fd6c1f3220_0;  1 drivers
v0x55fd6c1f2ee0_0 .net "s", 0 0, v0x55fd6c1f32f0_0;  1 drivers
v0x55fd6c1f2fb0_0 .net "y", 7 0, L_0x55fd6c1f34c0;  alias, 1 drivers
L_0x55fd6c1f34c0 .functor MUXZ 8, v0x55fd6c1f3220_0, v0x55fd6c1f3140_0, v0x55fd6c1f32f0_0, C4<>;
    .scope S_0x55fd6c1d2aa0;
T_0 ;
    %vpi_call 2 12 "$dumpfile", "waveforms.vcd" {0 0 0};
    %vpi_call 2 13 "$dumpvars", 32'sb00000000000000000000000000000000, S_0x55fd6c1d2aa0 {0 0 0};
    %end;
    .thread T_0;
    .scope S_0x55fd6c1d2aa0;
T_1 ;
    %pushi/vec4 2, 0, 8;
    %store/vec4 v0x55fd6c1f3140_0, 0, 8;
    %pushi/vec4 14, 0, 8;
    %store/vec4 v0x55fd6c1f3220_0, 0, 8;
    %pushi/vec4 0, 0, 1;
    %store/vec4 v0x55fd6c1f32f0_0, 0, 1;
    %delay 100, 0;
    %pushi/vec4 1, 0, 1;
    %store/vec4 v0x55fd6c1f32f0_0, 0, 1;
    %delay 100, 0;
    %pushi/vec4 0, 0, 1;
    %store/vec4 v0x55fd6c1f32f0_0, 0, 1;
    %delay 100, 0;
    %pushi/vec4 1, 0, 8;
    %store/vec4 v0x55fd6c1f3140_0, 0, 8;
    %end;
    .thread T_1;
    .scope S_0x55fd6c1d2aa0;
T_2 ;
    %vpi_call 2 29 "$monitor", "%b %b %b %b", v0x55fd6c1f3140_0, v0x55fd6c1f3220_0, v0x55fd6c1f32f0_0, v0x55fd6c1f33f0_0 {0 0 0};
    %end;
    .thread T_2;
# The file index is used to find the file name in the following table.
:file_names 4;
    "N/A";
    "<interactive>";
    "test.sv";
    "mux2.sv";
